{
  "RSpec": {
    "coverage": {
      "/home/almin/apps/pocket/spec/support/permission_test_data.rb": {
        "lines": [
          null,
          null,
          null,
          1,
          1,
          1,
          null,
          1,
          1,
          null,
          2,
          1,
          1,
          1,
          1,
          null,
          null,
          2,
          1,
          10,
          10,
          10,
          null,
          null,
          1,
          null,
          2,
          1,
          1,
          1,
          null,
          null,
          null
        ]
      },
      "/home/almin/apps/pocket/spec/support/role_test_data.rb": {
        "lines": [
          null,
          null,
          null,
          1,
          1,
          null,
          1,
          1,
          null,
          2,
          1,
          4,
          4,
          4,
          null,
          null,
          2,
          1,
          7,
          7,
          null,
          null,
          1,
          null,
          2,
          1,
          4,
          4,
          null,
          null,
          null
        ]
      },
      "/home/almin/apps/pocket/spec/support/user_test_data.rb": {
        "lines": [
          null,
          null,
          null,
          1,
          1,
          1,
          1,
          1,
          null,
          1,
          1,
          2,
          1,
          37,
          37,
          37,
          null,
          35,
          null,
          null,
          2,
          1,
          14,
          14,
          14,
          null,
          13,
          13,
          13,
          null,
          null,
          1,
          null,
          2,
          1,
          86,
          null,
          null,
          2,
          1,
          14,
          null,
          null,
          null
        ]
      },
      "/home/almin/apps/pocket/app/models/permission.rb": {
        "lines": [
          null,
          null,
          null,
          1,
          null,
          1,
          null
        ]
      },
      "/home/almin/apps/pocket/spec/models/role_assignment_spec.rb": {
        "lines": [
          null,
          null,
          null,
          null,
          null,
          null,
          null,
          null,
          null,
          null,
          null,
          null,
          null,
          null,
          null,
          null,
          null,
          null,
          1,
          null,
          1,
          1,
          null
        ]
      },
      "/home/almin/apps/pocket/app/models/role_assignment.rb": {
        "lines": [
          null,
          null,
          null,
          1,
          1,
          1,
          null
        ]
      },
      "/home/almin/apps/pocket/spec/models/role_spec.rb": {
        "lines": [
          null,
          null,
          null,
          null,
          null,
          null,
          null,
          null,
          null,
          null,
          null,
          null,
          null,
          null,
          null,
          null,
          1,
          null,
          1,
          1,
          null
        ]
      },
      "/home/almin/apps/pocket/app/models/role.rb": {
        "lines": [
          null,
          null,
          null,
          1,
          1,
          1,
          null,
          1,
          1,
          null,
          null,
          2,
          1,
          26,
          null,
          null
        ]
      },
      "/home/almin/apps/pocket/spec/requests/api/v1/users_spec.rb": {
        "lines": [
          null,
          null,
          null,
          1,
          null,
          1,
          1,
          1,
          1,
          1,
          null,
          null,
          null
        ]
      },
      "/home/almin/apps/pocket/spec/services/permission_service_spec.rb": {
        "lines": [
          null,
          null,
          null,
          1,
          null,
          1,
          null,
          null,
          1,
          4,
          null,
          1,
          null,
          1,
          4,
          null,
          1,
          2,
          null,
          null,
          1,
          2,
          null,
          null,
          1,
          2,
          null,
          1,
          2,
          null,
          null,
          null,
          1,
          2,
          null,
          1,
          2,
          null,
          null,
          null,
          null,
          1,
          1,
          1,
          3,
          3,
          3,
          3,
          3,
          null,
          null,
          1,
          1,
          1,
          null,
          null,
          1,
          2,
          null,
          1,
          2,
          null,
          null,
          null,
          1,
          2,
          null,
          1,
          2,
          null,
          null,
          null,
          null,
          1,
          1,
          2,
          2,
          2,
          2,
          2,
          2,
          null,
          null,
          1,
          1,
          1,
          2,
          null,
          null,
          1,
          2,
          null,
          1,
          2,
          null,
          null,
          null,
          null
        ]
      },
      "/home/almin/apps/pocket/app/services/permission_service.rb": {
        "lines": [
          null,
          null,
          null,
          null,
          1,
          1,
          1,
          null,
          2,
          1,
          249,
          249,
          null,
          null,
          2,
          1,
          1,
          null,
          null,
          1,
          1,
          0,
          null,
          null,
          2,
          1,
          43,
          42,
          null,
          null,
          2,
          1,
          4,
          2,
          null,
          null,
          2,
          1,
          2,
          null,
          1,
          null,
          null,
          1,
          null,
          2,
          1,
          37,
          37,
          null,
          null,
          2,
          1,
          43,
          42,
          null,
          37,
          37,
          37,
          null,
          37,
          37,
          37,
          null,
          null,
          2,
          1,
          37,
          null,
          null,
          2,
          1,
          37,
          37,
          null,
          null,
          null,
          null
        ]
      },
      "/home/almin/apps/pocket/app/services/i_service.rb": {
        "lines": [
          null,
          null,
          null,
          1,
          1,
          1,
          1,
          null,
          2,
          1,
          null,
          2,
          1,
          null,
          2,
          1,
          null,
          2,
          1,
          null
        ]
      },
      "/home/almin/apps/pocket/app/errors/permission_error.rb": {
        "lines": [
          null,
          null,
          null,
          1,
          1,
          14,
          null,
          null
        ]
      },
      "/home/almin/apps/pocket/spec/services/role_service_spec.rb": {
        "lines": [
          null,
          null,
          null,
          1,
          null,
          1,
          null,
          null,
          1,
          8,
          null,
          null,
          1,
          1,
          1,
          1,
          1,
          null,
          null,
          1,
          3,
          null,
          1,
          1,
          2,
          null,
          null,
          1,
          1,
          1,
          1,
          2,
          1,
          1,
          null,
          null,
          null,
          1,
          2,
          null,
          1,
          1,
          2,
          null,
          null,
          null,
          null,
          1,
          1,
          1,
          1,
          1,
          1,
          null,
          null,
          null,
          1,
          1,
          1,
          1,
          1,
          null,
          null,
          1,
          1,
          1,
          1,
          null,
          null,
          1,
          2,
          null,
          1,
          2,
          null,
          null,
          null,
          null,
          1,
          1,
          1,
          null,
          null,
          null,
          1,
          null,
          null,
          1,
          1,
          null,
          null,
          null,
          1,
          null,
          null,
          1,
          1,
          null,
          null,
          null,
          1,
          null,
          null,
          null,
          1,
          1,
          1,
          1,
          null,
          1,
          null,
          null,
          null,
          1,
          null,
          null,
          1,
          2,
          null,
          1,
          1,
          1,
          1,
          null,
          null,
          null,
          null,
          1,
          2,
          1,
          1,
          1,
          1,
          null,
          null,
          null,
          null,
          null
        ]
      },
      "/home/almin/apps/pocket/app/services/role_service.rb": {
        "lines": [
          null,
          null,
          null,
          null,
          null,
          null,
          null,
          null,
          null,
          1,
          1,
          1,
          null,
          2,
          1,
          134,
          null,
          null,
          1,
          1,
          0,
          null,
          null,
          null,
          2,
          1,
          5,
          null,
          null,
          null,
          null,
          null,
          null,
          2,
          1,
          3,
          3,
          null,
          2,
          2,
          2,
          null,
          null,
          1,
          1,
          0,
          null,
          null,
          2,
          1,
          10,
          null,
          6,
          null,
          null,
          1,
          1,
          0,
          null,
          0,
          null,
          null,
          null,
          null,
          null,
          null,
          null,
          null,
          null,
          null,
          2,
          1,
          5,
          null,
          5,
          null,
          null,
          2,
          1,
          16,
          15,
          null,
          null
        ]
      },
      "/home/almin/apps/pocket/spec/services/user_service_spec.rb": {
        "lines": [
          null,
          null,
          null,
          1,
          null,
          1,
          null,
          null,
          13,
          null,
          1,
          1,
          1,
          1,
          null,
          null,
          1,
          2,
          null,
          null,
          1,
          2,
          null,
          null,
          null,
          1,
          1,
          1,
          1,
          1,
          null,
          null,
          1,
          1,
          1,
          1,
          null,
          null,
          null,
          1,
          1,
          1,
          1,
          null,
          null,
          1,
          2,
          null,
          1,
          1,
          1,
          null,
          null,
          null,
          null,
          null,
          1,
          1,
          1,
          1,
          1,
          1,
          null,
          null,
          1,
          2,
          null,
          null,
          null,
          1,
          1,
          1,
          1,
          null,
          null,
          null,
          1,
          1,
          1,
          1,
          1,
          null,
          null,
          1,
          1,
          1,
          2,
          null,
          null,
          1,
          3,
          null,
          1,
          1,
          1,
          2,
          null,
          null,
          1,
          1,
          1,
          1,
          1,
          1,
          null,
          null,
          null,
          1,
          2,
          null,
          1,
          1,
          1,
          2,
          null,
          null,
          null,
          null,
          1,
          1,
          1,
          1,
          1,
          2,
          null,
          null,
          1,
          3,
          null,
          1,
          1,
          2,
          null,
          null,
          1,
          1,
          1,
          1,
          2,
          null,
          null,
          null,
          null
        ]
      },
      "/home/almin/apps/pocket/app/services/user_service.rb": {
        "lines": [
          null,
          null,
          null,
          1,
          1,
          1,
          null,
          1,
          1,
          null,
          null,
          null,
          null,
          null,
          null,
          null,
          1,
          105,
          105,
          105,
          105,
          105,
          null,
          null,
          2,
          1,
          4,
          null,
          null,
          2,
          1,
          2,
          null,
          null,
          2,
          1,
          52,
          null,
          null,
          2,
          1,
          37,
          37,
          37,
          37,
          null,
          null,
          2,
          1,
          2,
          null,
          1,
          1,
          1,
          null,
          null,
          2,
          1,
          42,
          40,
          null,
          40,
          null,
          null,
          2,
          1,
          3,
          null,
          2,
          null,
          null,
          1,
          null,
          2,
          1,
          7,
          null,
          6,
          null,
          null
        ]
      },
      "/home/almin/apps/pocket/spec/validators/permission_validator_spec.rb": {
        "lines": [
          null,
          null,
          null,
          1,
          null,
          1,
          null,
          null,
          11,
          null,
          1,
          1,
          1,
          1,
          1,
          null,
          null,
          1,
          1,
          1,
          1,
          1,
          1,
          null,
          null,
          1,
          1,
          1,
          1,
          1,
          2,
          null,
          null,
          1,
          1,
          1,
          1,
          1,
          null,
          null,
          1,
          1,
          1,
          1,
          1,
          null,
          null,
          null,
          1,
          1,
          1,
          1,
          1,
          1,
          null,
          null,
          null,
          1,
          1,
          1,
          1,
          1,
          1,
          1,
          null,
          null,
          1,
          1,
          1,
          1,
          1,
          1,
          null,
          null,
          1,
          1,
          1,
          1,
          1,
          2,
          null,
          null,
          1,
          1,
          1,
          1,
          1,
          1,
          null,
          null,
          null,
          null
        ]
      },
      "/home/almin/apps/pocket/app/model_validators/permission_model_validator.rb": {
        "lines": [
          null,
          null,
          null,
          1,
          1,
          1,
          1,
          null,
          2,
          1,
          null,
          2,
          1,
          null,
          2,
          1,
          null,
          1,
          1,
          1,
          1,
          1,
          null,
          2,
          1,
          10,
          10,
          10,
          10,
          10,
          null,
          null,
          1,
          1,
          0,
          null,
          null,
          2,
          1,
          10,
          10,
          10,
          10,
          10,
          null,
          null
        ]
      },
      "/home/almin/apps/pocket/app/model_validators/i_model_validator.rb": {
        "lines": [
          null,
          null,
          null,
          1,
          1,
          1,
          1,
          1,
          null,
          2,
          1,
          null
        ]
      },
      "/home/almin/apps/pocket/app/model_validators/i_validator.rb": {
        "lines": [
          null,
          null,
          null,
          1,
          1,
          1,
          1,
          null,
          2,
          1,
          null,
          2,
          1,
          null,
          2,
          1,
          null
        ]
      },
      "/home/almin/apps/pocket/app/validators/class_exist_validator.rb": {
        "lines": [
          null,
          null,
          null,
          1,
          1,
          null,
          2,
          1,
          9,
          9,
          null,
          null,
          1,
          null,
          2,
          1,
          9,
          null,
          2,
          null,
          null
        ]
      },
      "/home/almin/apps/pocket/app/validators/permission_unique_validator.rb": {
        "lines": [
          null,
          null,
          null,
          1,
          1,
          null,
          2,
          1,
          8,
          null,
          null,
          1,
          null,
          2,
          1,
          null,
          8,
          null,
          null,
          null,
          null,
          8,
          8,
          null,
          1,
          null,
          null
        ]
      },
      "/home/almin/apps/pocket/app/validators/permission_holder_validator.rb": {
        "lines": [
          null,
          null,
          null,
          1,
          1,
          null,
          2,
          1,
          8,
          null,
          null,
          1,
          null,
          2,
          1,
          8,
          6,
          null,
          0,
          null,
          3,
          null,
          null
        ]
      },
      "/home/almin/apps/pocket/spec/validators/role_validator_spec.rb": {
        "lines": [
          null,
          null,
          null,
          1,
          null,
          1,
          null,
          null,
          5,
          null,
          1,
          1,
          1,
          1,
          1,
          null,
          null,
          1,
          1,
          1,
          1,
          null,
          null,
          1,
          1,
          1,
          1,
          null,
          null,
          1,
          1,
          1,
          1,
          null,
          1,
          1,
          null,
          null,
          null
        ]
      },
      "/home/almin/apps/pocket/app/model_validators/role_model_validator.rb": {
        "lines": [
          null,
          null,
          null,
          1,
          1,
          1,
          1,
          null,
          2,
          1,
          null,
          2,
          1,
          null,
          1,
          null,
          2,
          1,
          4,
          4,
          null,
          null,
          2,
          1,
          4,
          null,
          null
        ]
      },
      "/home/almin/apps/pocket/app/validators/unique_validator.rb": {
        "lines": [
          null,
          null,
          null,
          1,
          1,
          null,
          2,
          1,
          4,
          4,
          4,
          null,
          null
        ]
      },
      "/home/almin/apps/pocket/spec/validators/user_validator_spec.rb": {
        "lines": [
          null,
          null,
          null,
          1,
          null,
          1,
          null,
          null,
          8,
          null,
          1,
          1,
          1,
          1,
          1,
          null,
          null,
          1,
          1,
          1,
          1,
          null,
          null,
          1,
          1,
          1,
          1,
          null,
          null,
          1,
          1,
          1,
          1,
          1,
          null,
          1,
          1,
          1,
          null,
          1,
          1,
          1,
          null,
          null,
          1,
          1,
          1,
          1,
          null,
          null,
          null,
          1,
          1,
          1,
          1,
          1,
          1,
          1,
          null,
          null,
          1,
          1,
          1,
          1,
          1,
          null,
          null,
          null
        ]
      },
      "/home/almin/apps/pocket/app/model_validators/user_model_validator.rb": {
        "lines": [
          null,
          null,
          null,
          1,
          1,
          1,
          null,
          2,
          1,
          112,
          null,
          null,
          1,
          1,
          0,
          null,
          null,
          2,
          1,
          49,
          null,
          null,
          2,
          1,
          49,
          null,
          null,
          2,
          1,
          2,
          null,
          null
        ]
      },
      "/home/almin/apps/pocket/lib/tasks/permissions.rake": {
        "lines": [
          null,
          null,
          1,
          1,
          1,
          1,
          null,
          1,
          1,
          7,
          null,
          null,
          null,
          null,
          null,
          7,
          7,
          null,
          null,
          null,
          1,
          1,
          1,
          null,
          1,
          1,
          8,
          null,
          null,
          null,
          null,
          null,
          8,
          8,
          null,
          null,
          null,
          1,
          1,
          1,
          null,
          1,
          1,
          5,
          null,
          null,
          null,
          null,
          null,
          5,
          5,
          null,
          null,
          null
        ]
      },
      "/home/almin/apps/pocket/lib/tasks/role_assignments.rake": {
        "lines": [
          null,
          null,
          1,
          1,
          1,
          1,
          1,
          1,
          null,
          1,
          null,
          1,
          null,
          null
        ]
      },
      "/home/almin/apps/pocket/lib/tasks/roles.rake": {
        "lines": [
          null,
          null,
          1,
          1,
          1,
          1,
          1,
          null,
          1,
          1,
          2,
          2,
          2,
          null,
          null,
          null,
          null
        ]
      },
      "/home/almin/apps/pocket/lib/tasks/users.rake": {
        "lines": [
          null,
          null,
          1,
          1,
          1,
          1,
          1,
          null,
          1,
          null,
          1,
          1,
          1,
          1,
          null,
          null,
          null
        ]
      },
      "/home/almin/apps/pocket/db/migrate/20200408212954_devise_create_users.rb": {
        "lines": [
          null,
          null,
          null,
          1,
          1,
          1,
          null,
          1,
          1,
          null,
          null,
          1,
          1,
          null,
          null,
          1,
          null,
          null,
          null,
          null,
          null,
          null,
          null,
          null,
          null,
          null,
          null,
          null,
          null,
          null,
          null,
          null,
          null,
          null,
          null,
          1,
          null,
          null,
          1,
          1,
          null,
          null,
          null,
          null
        ]
      },
      "/home/almin/apps/pocket/db/migrate/20200408212955_create_admin_user_task.rb": {
        "lines": [
          null,
          null,
          null,
          1,
          1,
          1,
          null,
          null
        ]
      },
      "/home/almin/apps/pocket/db/migrate/20200412174246_create_clients.rb": {
        "lines": [
          null,
          null,
          null,
          1,
          1,
          1,
          1,
          1,
          1,
          1,
          1,
          null,
          1,
          null,
          null,
          null
        ]
      },
      "/home/almin/apps/pocket/db/migrate/20200412174912_create_people.rb": {
        "lines": [
          null,
          null,
          null,
          1,
          1,
          1,
          1,
          1,
          1,
          1,
          1,
          null,
          1,
          null,
          null,
          null
        ]
      },
      "/home/almin/apps/pocket/db/migrate/20200430212334_create_roles.rb": {
        "lines": [
          null,
          null,
          null,
          1,
          1,
          1,
          1,
          null,
          1,
          null,
          null,
          null
        ]
      },
      "/home/almin/apps/pocket/db/migrate/20200430212335_create_roles_task.rb": {
        "lines": [
          null,
          null,
          null,
          1,
          1,
          1,
          null,
          null
        ]
      },
      "/home/almin/apps/pocket/db/migrate/20200430213158_create_role_assignments.rb": {
        "lines": [
          null,
          null,
          null,
          1,
          1,
          1,
          1,
          1,
          null,
          1,
          null,
          null,
          null
        ]
      },
      "/home/almin/apps/pocket/db/migrate/20200430213159_add_admin_user_role_task.rb": {
        "lines": [
          null,
          null,
          null,
          1,
          1,
          1,
          null,
          null
        ]
      },
      "/home/almin/apps/pocket/db/migrate/20200504203336_create_permissions.rb": {
        "lines": [
          null,
          null,
          null,
          1,
          1,
          1,
          1,
          1,
          1,
          null,
          1,
          null,
          null,
          null
        ]
      },
      "/home/almin/apps/pocket/db/migrate/20200504203337_add_admin_permissions_task.rb": {
        "lines": [
          null,
          null,
          null,
          1,
          1,
          1,
          1,
          1,
          null,
          null
        ]
      },
      "/home/almin/apps/pocket/app/controllers/application_controller.rb": {
        "lines": [
          null,
          null,
          null,
          1,
          null
        ]
      },
      "/home/almin/apps/pocket/config/routes.rb": {
        "lines": [
          null,
          null,
          null,
          1,
          1,
          1,
          null,
          null,
          1,
          1,
          1,
          1,
          1,
          null,
          null,
          null
        ]
      },
      "/home/almin/apps/pocket/app/models/user.rb": {
        "lines": [
          null,
          null,
          null,
          1,
          1,
          null,
          null,
          1,
          null,
          null,
          1,
          null,
          1,
          null,
          1,
          null,
          2,
          1,
          null,
          114,
          null,
          null
        ]
      },
      "/home/almin/apps/pocket/app/models/application_record.rb": {
        "lines": [
          null,
          null,
          null,
          1,
          1,
          1,
          1,
          null,
          1,
          null
        ]
      },
      "/home/almin/apps/pocket/app/controllers/api/v1/users_controller.rb": {
        "lines": [
          null,
          null,
          null,
          1,
          1,
          1,
          1,
          null,
          2,
          1,
          1,
          1,
          null,
          null,
          1,
          null,
          2,
          1,
          1,
          1,
          null,
          null,
          null,
          null
        ]
      },
      "/home/almin/apps/pocket/app/controllers/api/v1/api_base_controller.rb": {
        "lines": [
          null,
          null,
          null,
          1,
          1,
          null,
          null,
          null,
          1,
          1,
          1,
          1,
          1,
          null,
          null,
          null
        ]
      },
      "/home/almin/apps/pocket/app/controllers/api/json_render_helper.rb": {
        "lines": [
          null,
          null,
          null,
          null,
          1,
          1,
          null,
          null,
          null,
          null,
          1,
          1,
          1,
          null,
          0,
          null,
          null,
          1,
          null,
          1,
          1,
          1,
          1,
          1,
          1,
          null,
          null,
          1,
          0,
          null,
          null,
          null
        ]
      },
      "/home/almin/apps/pocket/app/factories/service_factory.rb": {
        "lines": [
          null,
          null,
          null,
          1,
          1,
          1,
          1,
          null,
          2,
          1,
          105,
          105,
          105,
          null,
          105,
          null,
          null,
          null,
          null,
          null,
          105,
          null,
          null,
          1,
          1,
          0,
          null,
          null,
          1,
          1,
          0,
          null,
          null,
          2,
          1,
          249,
          249,
          null,
          null,
          2,
          1,
          134,
          null,
          null,
          1,
          null,
          1,
          1,
          0,
          null,
          null,
          2,
          1,
          105,
          null,
          null,
          null
        ]
      },
      "/home/almin/apps/pocket/app/factories/validator_factory.rb": {
        "lines": [
          null,
          null,
          null,
          1,
          1,
          1,
          null,
          2,
          1,
          126,
          null,
          null,
          17,
          17,
          17,
          null,
          null,
          null
        ]
      },
      "/home/almin/apps/pocket/app/services/base_service_crud_impl.rb": {
        "lines": [
          null,
          null,
          null,
          1,
          1,
          1,
          1,
          null,
          2,
          1,
          105,
          null,
          null,
          2,
          1,
          6,
          6,
          4,
          4,
          null,
          null,
          2,
          1,
          2,
          2,
          2,
          2,
          null,
          null,
          2,
          1,
          40,
          2,
          2,
          2,
          null,
          38,
          null,
          40,
          40,
          40,
          null,
          null,
          2,
          1,
          2,
          2,
          null,
          null
        ]
      },
      "/home/almin/apps/pocket/app/lib/loggers.rb": {
        "lines": [
          null,
          null,
          null,
          null,
          1,
          1,
          null,
          1,
          null,
          2,
          1,
          119,
          119,
          null,
          null,
          1,
          1,
          0,
          0,
          null,
          null
        ]
      },
      "/home/almin/apps/pocket/app/services/i_service_validator.rb": {
        "lines": [
          null,
          null,
          null,
          1,
          1,
          1,
          1,
          null,
          2,
          1,
          null
        ]
      },
      "/home/almin/apps/pocket/app/services/base_service_validator_impl.rb": {
        "lines": [
          null,
          null,
          null,
          1,
          1,
          1,
          null,
          2,
          1,
          105,
          null,
          null,
          2,
          1,
          40,
          40,
          null,
          null
        ]
      },
      "/home/almin/apps/pocket/app/helpers/application_helper.rb": {
        "lines": [
          null,
          null,
          null,
          1,
          null
        ]
      },
      "/home/almin/apps/pocket/app/services/service_utils/crud.rb": {
        "lines": [
          null,
          null,
          null,
          1,
          1,
          1,
          1,
          2,
          1,
          2,
          2,
          1,
          1,
          null,
          null,
          1,
          1,
          0,
          0,
          0,
          0,
          null,
          null,
          2,
          1,
          8,
          1,
          1,
          1,
          null,
          7,
          null,
          8,
          8,
          8,
          null,
          null,
          2,
          1,
          1,
          1,
          null,
          null,
          null
        ]
      }
    },
    "timestamp": 1590698290
  }
}
